[0.032s] Invoking command in '/home/slavkososic/Desktop/MASTER_WORK/URDF/ros2_workspace/build/my_robot_description': CMAKE_PREFIX_PATH=${CMAKE_PREFIX_PATH}:/home/slavkososic/ros2_ws_actions/install/actions_py:/home/slavkososic/ros2_workspace/install/practice_1:/home/slavkososic/ros2_workspace/install/my_robot_controller:/home/slavkososic/ros2_workspace/install/mini_project:/opt/ros/humble /usr/bin/cmake --build /home/slavkososic/Desktop/MASTER_WORK/URDF/ros2_workspace/build/my_robot_description -- -j8 -l8
[0.144s] Invoked command in '/home/slavkososic/Desktop/MASTER_WORK/URDF/ros2_workspace/build/my_robot_description' returned '0': CMAKE_PREFIX_PATH=${CMAKE_PREFIX_PATH}:/home/slavkososic/ros2_ws_actions/install/actions_py:/home/slavkososic/ros2_workspace/install/practice_1:/home/slavkososic/ros2_workspace/install/my_robot_controller:/home/slavkososic/ros2_workspace/install/mini_project:/opt/ros/humble /usr/bin/cmake --build /home/slavkososic/Desktop/MASTER_WORK/URDF/ros2_workspace/build/my_robot_description -- -j8 -l8
[0.221s] Invoking command in '/home/slavkososic/Desktop/MASTER_WORK/URDF/ros2_workspace/build/my_robot_description': CMAKE_PREFIX_PATH=${CMAKE_PREFIX_PATH}:/home/slavkososic/ros2_ws_actions/install/actions_py:/home/slavkososic/ros2_workspace/install/practice_1:/home/slavkososic/ros2_workspace/install/my_robot_controller:/home/slavkososic/ros2_workspace/install/mini_project:/opt/ros/humble /usr/bin/cmake --install /home/slavkososic/Desktop/MASTER_WORK/URDF/ros2_workspace/build/my_robot_description
[0.241s] -- Install configuration: ""
[0.241s] -- Up-to-date: /home/slavkososic/Desktop/MASTER_WORK/URDF/ros2_workspace/install/my_robot_description/share/my_robot_description//urdf
[0.241s] -- Up-to-date: /home/slavkososic/Desktop/MASTER_WORK/URDF/ros2_workspace/install/my_robot_description/share/my_robot_description//urdf/first_robot.urdf
[0.242s] -- Up-to-date: /home/slavkososic/Desktop/MASTER_WORK/URDF/ros2_workspace/install/my_robot_description/share/my_robot_description//launch
[0.242s] -- Installing: /home/slavkososic/Desktop/MASTER_WORK/URDF/ros2_workspace/install/my_robot_description/share/my_robot_description//launch/display.launch.py
[0.242s] -- Up-to-date: /home/slavkososic/Desktop/MASTER_WORK/URDF/ros2_workspace/install/my_robot_description/share/my_robot_description//launch/display.launch.xml
[0.242s] -- Up-to-date: /home/slavkososic/Desktop/MASTER_WORK/URDF/ros2_workspace/install/my_robot_description/share/ament_index/resource_index/package_run_dependencies/my_robot_description
[0.243s] -- Up-to-date: /home/slavkososic/Desktop/MASTER_WORK/URDF/ros2_workspace/install/my_robot_description/share/ament_index/resource_index/parent_prefix_path/my_robot_description
[0.243s] -- Up-to-date: /home/slavkososic/Desktop/MASTER_WORK/URDF/ros2_workspace/install/my_robot_description/share/my_robot_description/environment/ament_prefix_path.sh
[0.243s] -- Up-to-date: /home/slavkososic/Desktop/MASTER_WORK/URDF/ros2_workspace/install/my_robot_description/share/my_robot_description/environment/ament_prefix_path.dsv
[0.243s] -- Up-to-date: /home/slavkososic/Desktop/MASTER_WORK/URDF/ros2_workspace/install/my_robot_description/share/my_robot_description/environment/path.sh
[0.243s] -- Up-to-date: /home/slavkososic/Desktop/MASTER_WORK/URDF/ros2_workspace/install/my_robot_description/share/my_robot_description/environment/path.dsv
[0.244s] -- Up-to-date: /home/slavkososic/Desktop/MASTER_WORK/URDF/ros2_workspace/install/my_robot_description/share/my_robot_description/local_setup.bash
[0.244s] -- Up-to-date: /home/slavkososic/Desktop/MASTER_WORK/URDF/ros2_workspace/install/my_robot_description/share/my_robot_description/local_setup.sh
[0.244s] -- Up-to-date: /home/slavkososic/Desktop/MASTER_WORK/URDF/ros2_workspace/install/my_robot_description/share/my_robot_description/local_setup.zsh
[0.244s] -- Up-to-date: /home/slavkososic/Desktop/MASTER_WORK/URDF/ros2_workspace/install/my_robot_description/share/my_robot_description/local_setup.dsv
[0.244s] -- Installing: /home/slavkososic/Desktop/MASTER_WORK/URDF/ros2_workspace/install/my_robot_description/share/my_robot_description/package.dsv
[0.245s] -- Up-to-date: /home/slavkososic/Desktop/MASTER_WORK/URDF/ros2_workspace/install/my_robot_description/share/ament_index/resource_index/packages/my_robot_description
[0.245s] -- Up-to-date: /home/slavkososic/Desktop/MASTER_WORK/URDF/ros2_workspace/install/my_robot_description/share/my_robot_description/cmake/my_robot_descriptionConfig.cmake
[0.245s] -- Up-to-date: /home/slavkososic/Desktop/MASTER_WORK/URDF/ros2_workspace/install/my_robot_description/share/my_robot_description/cmake/my_robot_descriptionConfig-version.cmake
[0.245s] -- Up-to-date: /home/slavkososic/Desktop/MASTER_WORK/URDF/ros2_workspace/install/my_robot_description/share/my_robot_description/package.xml
[0.249s] Invoked command in '/home/slavkososic/Desktop/MASTER_WORK/URDF/ros2_workspace/build/my_robot_description' returned '0': CMAKE_PREFIX_PATH=${CMAKE_PREFIX_PATH}:/home/slavkososic/ros2_ws_actions/install/actions_py:/home/slavkososic/ros2_workspace/install/practice_1:/home/slavkososic/ros2_workspace/install/my_robot_controller:/home/slavkososic/ros2_workspace/install/mini_project:/opt/ros/humble /usr/bin/cmake --install /home/slavkososic/Desktop/MASTER_WORK/URDF/ros2_workspace/build/my_robot_description
