[0.019s] Invoking command in '/home/slavkososic/Desktop/MASTER_WORK/URDF/ros2_workspace/build/my_robot_description': CMAKE_PREFIX_PATH=${CMAKE_PREFIX_PATH}:/home/slavkososic/ros2_ws_actions/install/actions_py:/home/slavkososic/ros2_workspace/install/practice_1:/home/slavkososic/ros2_workspace/install/my_robot_controller:/home/slavkososic/ros2_workspace/install/mini_project:/opt/ros/humble /usr/bin/cmake --build /home/slavkososic/Desktop/MASTER_WORK/URDF/ros2_workspace/build/my_robot_description -- -j8 -l8
[0.090s] Invoked command in '/home/slavkososic/Desktop/MASTER_WORK/URDF/ros2_workspace/build/my_robot_description' returned '0': CMAKE_PREFIX_PATH=${CMAKE_PREFIX_PATH}:/home/slavkososic/ros2_ws_actions/install/actions_py:/home/slavkososic/ros2_workspace/install/practice_1:/home/slavkososic/ros2_workspace/install/my_robot_controller:/home/slavkososic/ros2_workspace/install/mini_project:/opt/ros/humble /usr/bin/cmake --build /home/slavkososic/Desktop/MASTER_WORK/URDF/ros2_workspace/build/my_robot_description -- -j8 -l8
[0.167s] Invoking command in '/home/slavkososic/Desktop/MASTER_WORK/URDF/ros2_workspace/build/my_robot_description': CMAKE_PREFIX_PATH=${CMAKE_PREFIX_PATH}:/home/slavkososic/ros2_ws_actions/install/actions_py:/home/slavkososic/ros2_workspace/install/practice_1:/home/slavkososic/ros2_workspace/install/my_robot_controller:/home/slavkososic/ros2_workspace/install/mini_project:/opt/ros/humble /usr/bin/cmake --install /home/slavkososic/Desktop/MASTER_WORK/URDF/ros2_workspace/build/my_robot_description
[0.180s] -- Install configuration: ""
[0.181s] -- Execute custom install script
[0.181s] -- Up-to-date symlink: /home/slavkososic/Desktop/MASTER_WORK/URDF/ros2_workspace/install/my_robot_description/share/my_robot_description//urdf/common.properties.xacro
[0.182s] -- Up-to-date symlink: /home/slavkososic/Desktop/MASTER_WORK/URDF/ros2_workspace/install/my_robot_description/share/my_robot_description//urdf/first_robot.urdf.xacro
[0.182s] -- Symlinking: /home/slavkososic/Desktop/MASTER_WORK/URDF/ros2_workspace/install/my_robot_description/share/my_robot_description//urdf/mobile.base.xacro
[0.201s] -- Up-to-date symlink: /home/slavkososic/Desktop/MASTER_WORK/URDF/ros2_workspace/install/my_robot_description/share/my_robot_description//launch/display.launch.py
[0.201s] -- Up-to-date symlink: /home/slavkososic/Desktop/MASTER_WORK/URDF/ros2_workspace/install/my_robot_description/share/my_robot_description//launch/display.launch.xml
[0.201s] -- Up-to-date symlink: /home/slavkososic/Desktop/MASTER_WORK/URDF/ros2_workspace/install/my_robot_description/share/my_robot_description//rviz/conf.rviz
[0.202s] -- Up-to-date symlink: /home/slavkososic/Desktop/MASTER_WORK/URDF/ros2_workspace/install/my_robot_description/share/ament_index/resource_index/package_run_dependencies/my_robot_description
[0.203s] -- Up-to-date symlink: /home/slavkososic/Desktop/MASTER_WORK/URDF/ros2_workspace/install/my_robot_description/share/ament_index/resource_index/parent_prefix_path/my_robot_description
[0.203s] -- Up-to-date symlink: /home/slavkososic/Desktop/MASTER_WORK/URDF/ros2_workspace/install/my_robot_description/share/my_robot_description/environment/ament_prefix_path.sh
[0.204s] -- Up-to-date symlink: /home/slavkososic/Desktop/MASTER_WORK/URDF/ros2_workspace/install/my_robot_description/share/my_robot_description/environment/ament_prefix_path.dsv
[0.204s] -- Up-to-date symlink: /home/slavkososic/Desktop/MASTER_WORK/URDF/ros2_workspace/install/my_robot_description/share/my_robot_description/environment/path.sh
[0.205s] -- Up-to-date symlink: /home/slavkososic/Desktop/MASTER_WORK/URDF/ros2_workspace/install/my_robot_description/share/my_robot_description/environment/path.dsv
[0.205s] -- Up-to-date symlink: /home/slavkososic/Desktop/MASTER_WORK/URDF/ros2_workspace/install/my_robot_description/share/my_robot_description/local_setup.bash
[0.206s] -- Up-to-date symlink: /home/slavkososic/Desktop/MASTER_WORK/URDF/ros2_workspace/install/my_robot_description/share/my_robot_description/local_setup.sh
[0.206s] -- Up-to-date symlink: /home/slavkososic/Desktop/MASTER_WORK/URDF/ros2_workspace/install/my_robot_description/share/my_robot_description/local_setup.zsh
[0.207s] -- Up-to-date symlink: /home/slavkososic/Desktop/MASTER_WORK/URDF/ros2_workspace/install/my_robot_description/share/my_robot_description/local_setup.dsv
[0.207s] -- Symlinking: /home/slavkososic/Desktop/MASTER_WORK/URDF/ros2_workspace/install/my_robot_description/share/my_robot_description/package.dsv
[0.240s] -- Up-to-date symlink: /home/slavkososic/Desktop/MASTER_WORK/URDF/ros2_workspace/install/my_robot_description/share/ament_index/resource_index/packages/my_robot_description
[0.240s] -- Up-to-date symlink: /home/slavkososic/Desktop/MASTER_WORK/URDF/ros2_workspace/install/my_robot_description/share/my_robot_description/cmake/my_robot_descriptionConfig.cmake
[0.240s] -- Up-to-date symlink: /home/slavkososic/Desktop/MASTER_WORK/URDF/ros2_workspace/install/my_robot_description/share/my_robot_description/cmake/my_robot_descriptionConfig-version.cmake
[0.241s] -- Up-to-date symlink: /home/slavkososic/Desktop/MASTER_WORK/URDF/ros2_workspace/install/my_robot_description/share/my_robot_description/package.xml
[0.246s] Invoked command in '/home/slavkososic/Desktop/MASTER_WORK/URDF/ros2_workspace/build/my_robot_description' returned '0': CMAKE_PREFIX_PATH=${CMAKE_PREFIX_PATH}:/home/slavkososic/ros2_ws_actions/install/actions_py:/home/slavkososic/ros2_workspace/install/practice_1:/home/slavkososic/ros2_workspace/install/my_robot_controller:/home/slavkososic/ros2_workspace/install/mini_project:/opt/ros/humble /usr/bin/cmake --install /home/slavkososic/Desktop/MASTER_WORK/URDF/ros2_workspace/build/my_robot_description
