[0.217s] DEBUG:colcon:Command line arguments: ['/usr/bin/colcon', 'build']
[0.217s] DEBUG:colcon:Parsed command line arguments: Namespace(log_base=None, log_level=None, verb_name='build', build_base='build', install_base='install', merge_install=False, symlink_install=False, test_result_base=None, continue_on_error=False, executor='parallel', parallel_workers=8, event_handlers=None, ignore_user_meta=False, metas=['./colcon.meta'], base_paths=['.'], packages_ignore=None, packages_ignore_regex=None, paths=None, packages_up_to=None, packages_up_to_regex=None, packages_above=None, packages_above_and_dependencies=None, packages_above_depth=None, packages_select_by_dep=None, packages_skip_by_dep=None, packages_skip_up_to=None, packages_select_build_failed=False, packages_skip_build_finished=False, packages_select_test_failures=False, packages_skip_test_passed=False, packages_select=None, packages_skip=None, packages_select_regex=None, packages_skip_regex=None, packages_start=None, packages_end=None, allow_overriding=[], cmake_args=None, cmake_target=None, cmake_target_skip_unavailable=False, cmake_clean_cache=False, cmake_clean_first=False, cmake_force_configure=False, ament_cmake_args=None, catkin_cmake_args=None, catkin_skip_building_tests=False, verb_parser=<colcon_defaults.argument_parser.defaults.DefaultArgumentsDecorator object at 0x75e9953f6c20>, verb_extension=<colcon_core.verb.build.BuildVerb object at 0x75e995527790>, main=<bound method BuildVerb.main of <colcon_core.verb.build.BuildVerb object at 0x75e995527790>>)
[0.476s] Level 1:colcon.colcon_core.package_discovery:discover_packages(colcon_meta) check parameters
[0.476s] Level 1:colcon.colcon_core.package_discovery:discover_packages(recursive) check parameters
[0.476s] Level 1:colcon.colcon_core.package_discovery:discover_packages(ignore) check parameters
[0.476s] Level 1:colcon.colcon_core.package_discovery:discover_packages(path) check parameters
[0.476s] Level 1:colcon.colcon_core.package_discovery:discover_packages(colcon_meta) discover
[0.476s] Level 1:colcon.colcon_core.package_discovery:discover_packages(recursive) discover
[0.476s] INFO:colcon.colcon_core.package_discovery:Crawling recursively for packages in '/home/slavkososic/Desktop/MASTER_WORK/URDF/ros2_workspace'
[0.476s] Level 1:colcon.colcon_core.package_identification:_identify(.) by extensions ['ignore', 'ignore_ament_install']
[0.476s] Level 1:colcon.colcon_core.package_identification:_identify(.) by extension 'ignore'
[0.477s] Level 1:colcon.colcon_core.package_identification:_identify(.) by extension 'ignore_ament_install'
[0.477s] Level 1:colcon.colcon_core.package_identification:_identify(.) by extensions ['colcon_pkg']
[0.477s] Level 1:colcon.colcon_core.package_identification:_identify(.) by extension 'colcon_pkg'
[0.477s] Level 1:colcon.colcon_core.package_identification:_identify(.) by extensions ['colcon_meta']
[0.477s] Level 1:colcon.colcon_core.package_identification:_identify(.) by extension 'colcon_meta'
[0.477s] Level 1:colcon.colcon_core.package_identification:_identify(.) by extensions ['ros']
[0.477s] Level 1:colcon.colcon_core.package_identification:_identify(.) by extension 'ros'
[0.489s] Level 1:colcon.colcon_core.package_identification:_identify(.) by extensions ['cmake', 'python']
[0.489s] Level 1:colcon.colcon_core.package_identification:_identify(.) by extension 'cmake'
[0.489s] Level 1:colcon.colcon_core.package_identification:_identify(.) by extension 'python'
[0.489s] Level 1:colcon.colcon_core.package_identification:_identify(.) by extensions ['python_setup_py']
[0.490s] Level 1:colcon.colcon_core.package_identification:_identify(.) by extension 'python_setup_py'
[0.490s] Level 1:colcon.colcon_core.package_identification:_identify(build) by extensions ['ignore', 'ignore_ament_install']
[0.490s] Level 1:colcon.colcon_core.package_identification:_identify(build) by extension 'ignore'
[0.490s] Level 1:colcon.colcon_core.package_identification:_identify(build) ignored
[0.490s] Level 1:colcon.colcon_core.package_identification:_identify(install) by extensions ['ignore', 'ignore_ament_install']
[0.490s] Level 1:colcon.colcon_core.package_identification:_identify(install) by extension 'ignore'
[0.490s] Level 1:colcon.colcon_core.package_identification:_identify(install) ignored
[0.490s] Level 1:colcon.colcon_core.package_identification:_identify(log) by extensions ['ignore', 'ignore_ament_install']
[0.490s] Level 1:colcon.colcon_core.package_identification:_identify(log) by extension 'ignore'
[0.490s] Level 1:colcon.colcon_core.package_identification:_identify(log) ignored
[0.490s] Level 1:colcon.colcon_core.package_identification:_identify(src) by extensions ['ignore', 'ignore_ament_install']
[0.491s] Level 1:colcon.colcon_core.package_identification:_identify(src) by extension 'ignore'
[0.491s] Level 1:colcon.colcon_core.package_identification:_identify(src) by extension 'ignore_ament_install'
[0.491s] Level 1:colcon.colcon_core.package_identification:_identify(src) by extensions ['colcon_pkg']
[0.491s] Level 1:colcon.colcon_core.package_identification:_identify(src) by extension 'colcon_pkg'
[0.491s] Level 1:colcon.colcon_core.package_identification:_identify(src) by extensions ['colcon_meta']
[0.491s] Level 1:colcon.colcon_core.package_identification:_identify(src) by extension 'colcon_meta'
[0.491s] Level 1:colcon.colcon_core.package_identification:_identify(src) by extensions ['ros']
[0.491s] Level 1:colcon.colcon_core.package_identification:_identify(src) by extension 'ros'
[0.491s] Level 1:colcon.colcon_core.package_identification:_identify(src) by extensions ['cmake', 'python']
[0.491s] Level 1:colcon.colcon_core.package_identification:_identify(src) by extension 'cmake'
[0.491s] Level 1:colcon.colcon_core.package_identification:_identify(src) by extension 'python'
[0.491s] Level 1:colcon.colcon_core.package_identification:_identify(src) by extensions ['python_setup_py']
[0.491s] Level 1:colcon.colcon_core.package_identification:_identify(src) by extension 'python_setup_py'
[0.491s] Level 1:colcon.colcon_core.package_discovery:discover_packages(recursive) using defaults
[0.491s] Level 1:colcon.colcon_core.package_discovery:discover_packages(ignore) discover
[0.491s] Level 1:colcon.colcon_core.package_discovery:discover_packages(ignore) using defaults
[0.491s] Level 1:colcon.colcon_core.package_discovery:discover_packages(path) discover
[0.491s] Level 1:colcon.colcon_core.package_discovery:discover_packages(path) using defaults
[0.528s] Level 1:colcon.colcon_core.package_discovery:discover_packages(prefix_path) check parameters
[0.528s] Level 1:colcon.colcon_core.package_discovery:discover_packages(prefix_path) discover
[0.531s] DEBUG:colcon.colcon_installed_package_information.package_discovery:Found 2 installed packages in /home/slavkososic/ros2_ws_actions/install
[0.531s] DEBUG:colcon.colcon_installed_package_information.package_discovery:Found 10 installed packages in /home/slavkososic/ros2_workspace/install
[0.534s] DEBUG:colcon.colcon_installed_package_information.package_discovery:Found 398 installed packages in /opt/ros/humble
[0.536s] Level 1:colcon.colcon_core.package_discovery:discover_packages(prefix_path) using defaults
[0.595s] INFO:colcon.colcon_core.executor:Executing jobs using 'parallel' executor
[0.596s] DEBUG:colcon.colcon_parallel_executor.executor.parallel:run_until_complete
[0.596s] DEBUG:colcon.colcon_parallel_executor.executor.parallel:closing loop
[0.597s] DEBUG:colcon.colcon_parallel_executor.executor.parallel:loop closed
[0.597s] DEBUG:colcon.colcon_parallel_executor.executor.parallel:run_until_complete finished with '0'
[0.597s] DEBUG:colcon.colcon_core.event_reactor:joining thread
[0.606s] INFO:colcon.colcon_core.plugin_system:Skipping extension 'colcon_notification.desktop_notification.terminal_notifier': Not used on non-Darwin systems
[0.606s] INFO:colcon.colcon_core.plugin_system:Skipping extension 'colcon_notification.desktop_notification.win32': Not used on non-Windows systems
[0.606s] INFO:colcon.colcon_notification.desktop_notification:Sending desktop notification using 'notify2'
[0.624s] DEBUG:colcon.colcon_core.event_reactor:joined thread
[0.628s] INFO:colcon.colcon_core.plugin_system:Skipping extension 'colcon_core.shell.bat': Not used on non-Windows systems
[0.629s] INFO:colcon.colcon_core.shell:Creating prefix script '/home/slavkososic/Desktop/MASTER_WORK/URDF/ros2_workspace/install/local_setup.ps1'
[0.630s] INFO:colcon.colcon_core.shell:Creating prefix util module '/home/slavkososic/Desktop/MASTER_WORK/URDF/ros2_workspace/install/_local_setup_util_ps1.py'
[0.633s] INFO:colcon.colcon_core.shell:Creating prefix chain script '/home/slavkososic/Desktop/MASTER_WORK/URDF/ros2_workspace/install/setup.ps1'
[0.635s] INFO:colcon.colcon_core.shell:Creating prefix script '/home/slavkososic/Desktop/MASTER_WORK/URDF/ros2_workspace/install/local_setup.sh'
[0.636s] INFO:colcon.colcon_core.shell:Creating prefix util module '/home/slavkososic/Desktop/MASTER_WORK/URDF/ros2_workspace/install/_local_setup_util_sh.py'
[0.636s] INFO:colcon.colcon_core.shell:Creating prefix chain script '/home/slavkososic/Desktop/MASTER_WORK/URDF/ros2_workspace/install/setup.sh'
[0.638s] INFO:colcon.colcon_core.shell:Creating prefix script '/home/slavkososic/Desktop/MASTER_WORK/URDF/ros2_workspace/install/local_setup.bash'
[0.638s] INFO:colcon.colcon_core.shell:Creating prefix chain script '/home/slavkososic/Desktop/MASTER_WORK/URDF/ros2_workspace/install/setup.bash'
[0.640s] INFO:colcon.colcon_core.shell:Creating prefix script '/home/slavkososic/Desktop/MASTER_WORK/URDF/ros2_workspace/install/local_setup.zsh'
[0.640s] INFO:colcon.colcon_core.shell:Creating prefix chain script '/home/slavkososic/Desktop/MASTER_WORK/URDF/ros2_workspace/install/setup.zsh'
