[0.021s] Invoking command in '/home/slavkososic/Desktop/MASTER_WORK/URDF/ros2_workspace/build/my_robot_description': CMAKE_PREFIX_PATH=${CMAKE_PREFIX_PATH}:/home/slavkososic/ros2_ws_actions/install/actions_py:/home/slavkososic/ros2_workspace/install/practice_1:/home/slavkososic/ros2_workspace/install/my_robot_controller:/home/slavkososic/ros2_workspace/install/mini_project:/opt/ros/humble /usr/bin/cmake --build /home/slavkososic/Desktop/MASTER_WORK/URDF/ros2_workspace/build/my_robot_description -- -j8 -l8
[0.122s] Invoked command in '/home/slavkososic/Desktop/MASTER_WORK/URDF/ros2_workspace/build/my_robot_description' returned '0': CMAKE_PREFIX_PATH=${CMAKE_PREFIX_PATH}:/home/slavkososic/ros2_ws_actions/install/actions_py:/home/slavkososic/ros2_workspace/install/practice_1:/home/slavkososic/ros2_workspace/install/my_robot_controller:/home/slavkososic/ros2_workspace/install/mini_project:/opt/ros/humble /usr/bin/cmake --build /home/slavkososic/Desktop/MASTER_WORK/URDF/ros2_workspace/build/my_robot_description -- -j8 -l8
[0.191s] Invoking command in '/home/slavkososic/Desktop/MASTER_WORK/URDF/ros2_workspace/build/my_robot_description': CMAKE_PREFIX_PATH=${CMAKE_PREFIX_PATH}:/home/slavkososic/ros2_ws_actions/install/actions_py:/home/slavkososic/ros2_workspace/install/practice_1:/home/slavkososic/ros2_workspace/install/my_robot_controller:/home/slavkososic/ros2_workspace/install/mini_project:/opt/ros/humble /usr/bin/cmake --install /home/slavkososic/Desktop/MASTER_WORK/URDF/ros2_workspace/build/my_robot_description
[0.206s] -- Install configuration: ""
[0.207s] -- Execute custom install script
[0.208s] -- Symlinking: /home/slavkososic/Desktop/MASTER_WORK/URDF/ros2_workspace/install/my_robot_description/share/my_robot_description//urdf/common.properties.xacro
[0.223s] -- Up-to-date symlink: /home/slavkososic/Desktop/MASTER_WORK/URDF/ros2_workspace/install/my_robot_description/share/my_robot_description//urdf/first_robot.urdf.xacro
[0.224s] -- Up-to-date symlink: /home/slavkososic/Desktop/MASTER_WORK/URDF/ros2_workspace/install/my_robot_description/share/my_robot_description//launch/display.launch.py
[0.225s] -- Up-to-date symlink: /home/slavkososic/Desktop/MASTER_WORK/URDF/ros2_workspace/install/my_robot_description/share/my_robot_description//launch/display.launch.xml
[0.225s] -- Up-to-date symlink: /home/slavkososic/Desktop/MASTER_WORK/URDF/ros2_workspace/install/my_robot_description/share/my_robot_description//rviz/conf.rviz
[0.226s] -- Up-to-date symlink: /home/slavkososic/Desktop/MASTER_WORK/URDF/ros2_workspace/install/my_robot_description/share/ament_index/resource_index/package_run_dependencies/my_robot_description
[0.226s] -- Up-to-date symlink: /home/slavkososic/Desktop/MASTER_WORK/URDF/ros2_workspace/install/my_robot_description/share/ament_index/resource_index/parent_prefix_path/my_robot_description
[0.227s] -- Up-to-date symlink: /home/slavkososic/Desktop/MASTER_WORK/URDF/ros2_workspace/install/my_robot_description/share/my_robot_description/environment/ament_prefix_path.sh
[0.228s] -- Up-to-date symlink: /home/slavkososic/Desktop/MASTER_WORK/URDF/ros2_workspace/install/my_robot_description/share/my_robot_description/environment/ament_prefix_path.dsv
[0.228s] -- Up-to-date symlink: /home/slavkososic/Desktop/MASTER_WORK/URDF/ros2_workspace/install/my_robot_description/share/my_robot_description/environment/path.sh
[0.229s] -- Up-to-date symlink: /home/slavkososic/Desktop/MASTER_WORK/URDF/ros2_workspace/install/my_robot_description/share/my_robot_description/environment/path.dsv
[0.229s] -- Up-to-date symlink: /home/slavkososic/Desktop/MASTER_WORK/URDF/ros2_workspace/install/my_robot_description/share/my_robot_description/local_setup.bash
[0.230s] -- Up-to-date symlink: /home/slavkososic/Desktop/MASTER_WORK/URDF/ros2_workspace/install/my_robot_description/share/my_robot_description/local_setup.sh
[0.230s] -- Up-to-date symlink: /home/slavkososic/Desktop/MASTER_WORK/URDF/ros2_workspace/install/my_robot_description/share/my_robot_description/local_setup.zsh
[0.231s] -- Up-to-date symlink: /home/slavkososic/Desktop/MASTER_WORK/URDF/ros2_workspace/install/my_robot_description/share/my_robot_description/local_setup.dsv
[0.231s] -- Symlinking: /home/slavkososic/Desktop/MASTER_WORK/URDF/ros2_workspace/install/my_robot_description/share/my_robot_description/package.dsv
[0.250s] -- Up-to-date symlink: /home/slavkososic/Desktop/MASTER_WORK/URDF/ros2_workspace/install/my_robot_description/share/ament_index/resource_index/packages/my_robot_description
[0.250s] -- Up-to-date symlink: /home/slavkososic/Desktop/MASTER_WORK/URDF/ros2_workspace/install/my_robot_description/share/my_robot_description/cmake/my_robot_descriptionConfig.cmake
[0.251s] -- Up-to-date symlink: /home/slavkososic/Desktop/MASTER_WORK/URDF/ros2_workspace/install/my_robot_description/share/my_robot_description/cmake/my_robot_descriptionConfig-version.cmake
[0.252s] -- Up-to-date symlink: /home/slavkososic/Desktop/MASTER_WORK/URDF/ros2_workspace/install/my_robot_description/share/my_robot_description/package.xml
[0.255s] Invoked command in '/home/slavkososic/Desktop/MASTER_WORK/URDF/ros2_workspace/build/my_robot_description' returned '0': CMAKE_PREFIX_PATH=${CMAKE_PREFIX_PATH}:/home/slavkososic/ros2_ws_actions/install/actions_py:/home/slavkososic/ros2_workspace/install/practice_1:/home/slavkososic/ros2_workspace/install/my_robot_controller:/home/slavkososic/ros2_workspace/install/mini_project:/opt/ros/humble /usr/bin/cmake --install /home/slavkososic/Desktop/MASTER_WORK/URDF/ros2_workspace/build/my_robot_description
