[0.211s] DEBUG:colcon:Command line arguments: ['/usr/bin/colcon', 'build']
[0.211s] DEBUG:colcon:Parsed command line arguments: Namespace(log_base=None, log_level=None, verb_name='build', build_base='build', install_base='install', merge_install=False, symlink_install=False, test_result_base=None, continue_on_error=False, executor='parallel', parallel_workers=8, event_handlers=None, ignore_user_meta=False, metas=['./colcon.meta'], base_paths=['.'], packages_ignore=None, packages_ignore_regex=None, paths=None, packages_up_to=None, packages_up_to_regex=None, packages_above=None, packages_above_and_dependencies=None, packages_above_depth=None, packages_select_by_dep=None, packages_skip_by_dep=None, packages_skip_up_to=None, packages_select_build_failed=False, packages_skip_build_finished=False, packages_select_test_failures=False, packages_skip_test_passed=False, packages_select=None, packages_skip=None, packages_select_regex=None, packages_skip_regex=None, packages_start=None, packages_end=None, allow_overriding=[], cmake_args=None, cmake_target=None, cmake_target_skip_unavailable=False, cmake_clean_cache=False, cmake_clean_first=False, cmake_force_configure=False, ament_cmake_args=None, catkin_cmake_args=None, catkin_skip_building_tests=False, verb_parser=<colcon_defaults.argument_parser.defaults.DefaultArgumentsDecorator object at 0x774ec4ca6d10>, verb_extension=<colcon_core.verb.build.BuildVerb object at 0x774ec4e1f880>, main=<bound method BuildVerb.main of <colcon_core.verb.build.BuildVerb object at 0x774ec4e1f880>>)
[0.617s] Level 1:colcon.colcon_core.package_discovery:discover_packages(colcon_meta) check parameters
[0.618s] Level 1:colcon.colcon_core.package_discovery:discover_packages(recursive) check parameters
[0.618s] Level 1:colcon.colcon_core.package_discovery:discover_packages(ignore) check parameters
[0.618s] Level 1:colcon.colcon_core.package_discovery:discover_packages(path) check parameters
[0.618s] Level 1:colcon.colcon_core.package_discovery:discover_packages(colcon_meta) discover
[0.618s] Level 1:colcon.colcon_core.package_discovery:discover_packages(recursive) discover
[0.618s] INFO:colcon.colcon_core.package_discovery:Crawling recursively for packages in '/home/slavkososic/Desktop/MASTER_WORK/URDF/ros2_workspace'
[0.618s] Level 1:colcon.colcon_core.package_identification:_identify(.) by extensions ['ignore', 'ignore_ament_install']
[0.618s] Level 1:colcon.colcon_core.package_identification:_identify(.) by extension 'ignore'
[0.618s] Level 1:colcon.colcon_core.package_identification:_identify(.) by extension 'ignore_ament_install'
[0.619s] Level 1:colcon.colcon_core.package_identification:_identify(.) by extensions ['colcon_pkg']
[0.619s] Level 1:colcon.colcon_core.package_identification:_identify(.) by extension 'colcon_pkg'
[0.619s] Level 1:colcon.colcon_core.package_identification:_identify(.) by extensions ['colcon_meta']
[0.619s] Level 1:colcon.colcon_core.package_identification:_identify(.) by extension 'colcon_meta'
[0.619s] Level 1:colcon.colcon_core.package_identification:_identify(.) by extensions ['ros']
[0.619s] Level 1:colcon.colcon_core.package_identification:_identify(.) by extension 'ros'
[0.639s] Level 1:colcon.colcon_core.package_identification:_identify(.) by extensions ['cmake', 'python']
[0.639s] Level 1:colcon.colcon_core.package_identification:_identify(.) by extension 'cmake'
[0.639s] Level 1:colcon.colcon_core.package_identification:_identify(.) by extension 'python'
[0.639s] Level 1:colcon.colcon_core.package_identification:_identify(.) by extensions ['python_setup_py']
[0.639s] Level 1:colcon.colcon_core.package_identification:_identify(.) by extension 'python_setup_py'
[0.640s] Level 1:colcon.colcon_core.package_identification:_identify(build) by extensions ['ignore', 'ignore_ament_install']
[0.640s] Level 1:colcon.colcon_core.package_identification:_identify(build) by extension 'ignore'
[0.640s] Level 1:colcon.colcon_core.package_identification:_identify(build) ignored
[0.640s] Level 1:colcon.colcon_core.package_identification:_identify(install) by extensions ['ignore', 'ignore_ament_install']
[0.640s] Level 1:colcon.colcon_core.package_identification:_identify(install) by extension 'ignore'
[0.640s] Level 1:colcon.colcon_core.package_identification:_identify(install) ignored
[0.641s] Level 1:colcon.colcon_core.package_identification:_identify(log) by extensions ['ignore', 'ignore_ament_install']
[0.641s] Level 1:colcon.colcon_core.package_identification:_identify(log) by extension 'ignore'
[0.641s] Level 1:colcon.colcon_core.package_identification:_identify(log) ignored
[0.641s] Level 1:colcon.colcon_core.package_identification:_identify(src) by extensions ['ignore', 'ignore_ament_install']
[0.641s] Level 1:colcon.colcon_core.package_identification:_identify(src) by extension 'ignore'
[0.641s] Level 1:colcon.colcon_core.package_identification:_identify(src) by extension 'ignore_ament_install'
[0.641s] Level 1:colcon.colcon_core.package_identification:_identify(src) by extensions ['colcon_pkg']
[0.641s] Level 1:colcon.colcon_core.package_identification:_identify(src) by extension 'colcon_pkg'
[0.641s] Level 1:colcon.colcon_core.package_identification:_identify(src) by extensions ['colcon_meta']
[0.642s] Level 1:colcon.colcon_core.package_identification:_identify(src) by extension 'colcon_meta'
[0.642s] Level 1:colcon.colcon_core.package_identification:_identify(src) by extensions ['ros']
[0.642s] Level 1:colcon.colcon_core.package_identification:_identify(src) by extension 'ros'
[0.642s] Level 1:colcon.colcon_core.package_identification:_identify(src) by extensions ['cmake', 'python']
[0.642s] Level 1:colcon.colcon_core.package_identification:_identify(src) by extension 'cmake'
[0.642s] Level 1:colcon.colcon_core.package_identification:_identify(src) by extension 'python'
[0.642s] Level 1:colcon.colcon_core.package_identification:_identify(src) by extensions ['python_setup_py']
[0.642s] Level 1:colcon.colcon_core.package_identification:_identify(src) by extension 'python_setup_py'
[0.642s] Level 1:colcon.colcon_core.package_identification:_identify(src/launch) by extensions ['ignore', 'ignore_ament_install']
[0.642s] Level 1:colcon.colcon_core.package_identification:_identify(src/launch) by extension 'ignore'
[0.643s] Level 1:colcon.colcon_core.package_identification:_identify(src/launch) by extension 'ignore_ament_install'
[0.643s] Level 1:colcon.colcon_core.package_identification:_identify(src/launch) by extensions ['colcon_pkg']
[0.643s] Level 1:colcon.colcon_core.package_identification:_identify(src/launch) by extension 'colcon_pkg'
[0.643s] Level 1:colcon.colcon_core.package_identification:_identify(src/launch) by extensions ['colcon_meta']
[0.643s] Level 1:colcon.colcon_core.package_identification:_identify(src/launch) by extension 'colcon_meta'
[0.643s] Level 1:colcon.colcon_core.package_identification:_identify(src/launch) by extensions ['ros']
[0.643s] Level 1:colcon.colcon_core.package_identification:_identify(src/launch) by extension 'ros'
[0.643s] Level 1:colcon.colcon_core.package_identification:_identify(src/launch) by extensions ['cmake', 'python']
[0.643s] Level 1:colcon.colcon_core.package_identification:_identify(src/launch) by extension 'cmake'
[0.643s] Level 1:colcon.colcon_core.package_identification:_identify(src/launch) by extension 'python'
[0.643s] Level 1:colcon.colcon_core.package_identification:_identify(src/launch) by extensions ['python_setup_py']
[0.643s] Level 1:colcon.colcon_core.package_identification:_identify(src/launch) by extension 'python_setup_py'
[0.644s] Level 1:colcon.colcon_core.package_identification:_identify(src/my_robot_description) by extensions ['ignore', 'ignore_ament_install']
[0.644s] Level 1:colcon.colcon_core.package_identification:_identify(src/my_robot_description) by extension 'ignore'
[0.644s] Level 1:colcon.colcon_core.package_identification:_identify(src/my_robot_description) by extension 'ignore_ament_install'
[0.644s] Level 1:colcon.colcon_core.package_identification:_identify(src/my_robot_description) by extensions ['colcon_pkg']
[0.644s] Level 1:colcon.colcon_core.package_identification:_identify(src/my_robot_description) by extension 'colcon_pkg'
[0.644s] Level 1:colcon.colcon_core.package_identification:_identify(src/my_robot_description) by extensions ['colcon_meta']
[0.644s] Level 1:colcon.colcon_core.package_identification:_identify(src/my_robot_description) by extension 'colcon_meta'
[0.644s] Level 1:colcon.colcon_core.package_identification:_identify(src/my_robot_description) by extensions ['ros']
[0.644s] Level 1:colcon.colcon_core.package_identification:_identify(src/my_robot_description) by extension 'ros'
[0.648s] DEBUG:colcon.colcon_core.package_identification:Package 'src/my_robot_description' with type 'ros.ament_cmake' and name 'my_robot_description'
[0.648s] Level 1:colcon.colcon_core.package_discovery:discover_packages(recursive) using defaults
[0.649s] Level 1:colcon.colcon_core.package_discovery:discover_packages(ignore) discover
[0.649s] Level 1:colcon.colcon_core.package_discovery:discover_packages(ignore) using defaults
[0.649s] Level 1:colcon.colcon_core.package_discovery:discover_packages(path) discover
[0.649s] Level 1:colcon.colcon_core.package_discovery:discover_packages(path) using defaults
[0.702s] Level 1:colcon.colcon_core.package_discovery:discover_packages(prefix_path) check parameters
[0.702s] Level 1:colcon.colcon_core.package_discovery:discover_packages(prefix_path) discover
[0.706s] DEBUG:colcon.colcon_installed_package_information.package_discovery:Found 2 installed packages in /home/slavkososic/ros2_ws_actions/install
[0.707s] DEBUG:colcon.colcon_installed_package_information.package_discovery:Found 10 installed packages in /home/slavkososic/ros2_workspace/install
[0.708s] DEBUG:colcon.colcon_installed_package_information.package_discovery:Found 1 installed packages in /home/slavkososic/Desktop/MASTER_WORK/URDF/ros2_workspace/install
[0.712s] DEBUG:colcon.colcon_installed_package_information.package_discovery:Found 398 installed packages in /opt/ros/humble
[0.716s] Level 1:colcon.colcon_core.package_discovery:discover_packages(prefix_path) using defaults
[0.812s] Level 5:colcon.colcon_core.verb:set package 'my_robot_description' build argument 'cmake_args' from command line to 'None'
[0.812s] Level 5:colcon.colcon_core.verb:set package 'my_robot_description' build argument 'cmake_target' from command line to 'None'
[0.812s] Level 5:colcon.colcon_core.verb:set package 'my_robot_description' build argument 'cmake_target_skip_unavailable' from command line to 'False'
[0.812s] Level 5:colcon.colcon_core.verb:set package 'my_robot_description' build argument 'cmake_clean_cache' from command line to 'False'
[0.812s] Level 5:colcon.colcon_core.verb:set package 'my_robot_description' build argument 'cmake_clean_first' from command line to 'False'
[0.812s] Level 5:colcon.colcon_core.verb:set package 'my_robot_description' build argument 'cmake_force_configure' from command line to 'False'
[0.812s] Level 5:colcon.colcon_core.verb:set package 'my_robot_description' build argument 'ament_cmake_args' from command line to 'None'
[0.812s] Level 5:colcon.colcon_core.verb:set package 'my_robot_description' build argument 'catkin_cmake_args' from command line to 'None'
[0.813s] Level 5:colcon.colcon_core.verb:set package 'my_robot_description' build argument 'catkin_skip_building_tests' from command line to 'False'
[0.813s] DEBUG:colcon.colcon_core.verb:Building package 'my_robot_description' with the following arguments: {'ament_cmake_args': None, 'build_base': '/home/slavkososic/Desktop/MASTER_WORK/URDF/ros2_workspace/build/my_robot_description', 'catkin_cmake_args': None, 'catkin_skip_building_tests': False, 'cmake_args': None, 'cmake_clean_cache': False, 'cmake_clean_first': False, 'cmake_force_configure': False, 'cmake_target': None, 'cmake_target_skip_unavailable': False, 'install_base': '/home/slavkososic/Desktop/MASTER_WORK/URDF/ros2_workspace/install/my_robot_description', 'merge_install': False, 'path': '/home/slavkososic/Desktop/MASTER_WORK/URDF/ros2_workspace/src/my_robot_description', 'symlink_install': False, 'test_result_base': None}
[0.813s] INFO:colcon.colcon_core.executor:Executing jobs using 'parallel' executor
[0.814s] DEBUG:colcon.colcon_parallel_executor.executor.parallel:run_until_complete
[0.815s] INFO:colcon.colcon_ros.task.ament_cmake.build:Building ROS package in '/home/slavkososic/Desktop/MASTER_WORK/URDF/ros2_workspace/src/my_robot_description' with build type 'ament_cmake'
[0.815s] INFO:colcon.colcon_cmake.task.cmake.build:Building CMake package in '/home/slavkososic/Desktop/MASTER_WORK/URDF/ros2_workspace/src/my_robot_description'
[0.819s] INFO:colcon.colcon_core.plugin_system:Skipping extension 'colcon_core.shell.bat': Not used on non-Windows systems
[0.819s] INFO:colcon.colcon_core.shell:Skip shell extension 'powershell' for command environment: Not usable outside of PowerShell
[0.819s] DEBUG:colcon.colcon_core.shell:Skip shell extension 'dsv' for command environment
[0.841s] DEBUG:colcon.colcon_core.event_handler.log_command:Invoking command in '/home/slavkososic/Desktop/MASTER_WORK/URDF/ros2_workspace/build/my_robot_description': CMAKE_PREFIX_PATH=${CMAKE_PREFIX_PATH}:/home/slavkososic/ros2_ws_actions/install/actions_py:/home/slavkososic/ros2_workspace/install/practice_1:/home/slavkososic/ros2_workspace/install/my_robot_controller:/home/slavkososic/ros2_workspace/install/mini_project:/opt/ros/humble /usr/bin/cmake --build /home/slavkososic/Desktop/MASTER_WORK/URDF/ros2_workspace/build/my_robot_description -- -j8 -l8
[1.342s] DEBUG:colcon.colcon_core.event_handler.log_command:Invoked command in '/home/slavkososic/Desktop/MASTER_WORK/URDF/ros2_workspace/build/my_robot_description' returned '0': CMAKE_PREFIX_PATH=${CMAKE_PREFIX_PATH}:/home/slavkososic/ros2_ws_actions/install/actions_py:/home/slavkososic/ros2_workspace/install/practice_1:/home/slavkososic/ros2_workspace/install/my_robot_controller:/home/slavkososic/ros2_workspace/install/mini_project:/opt/ros/humble /usr/bin/cmake --build /home/slavkososic/Desktop/MASTER_WORK/URDF/ros2_workspace/build/my_robot_description -- -j8 -l8
[1.422s] DEBUG:colcon.colcon_core.event_handler.log_command:Invoking command in '/home/slavkososic/Desktop/MASTER_WORK/URDF/ros2_workspace/build/my_robot_description': CMAKE_PREFIX_PATH=${CMAKE_PREFIX_PATH}:/home/slavkososic/ros2_ws_actions/install/actions_py:/home/slavkososic/ros2_workspace/install/practice_1:/home/slavkososic/ros2_workspace/install/my_robot_controller:/home/slavkososic/ros2_workspace/install/mini_project:/opt/ros/humble /usr/bin/cmake --install /home/slavkososic/Desktop/MASTER_WORK/URDF/ros2_workspace/build/my_robot_description
[1.446s] DEBUG:colcon.colcon_core.event_handler.log_command:Invoked command in '/home/slavkososic/Desktop/MASTER_WORK/URDF/ros2_workspace/build/my_robot_description' returned '1': CMAKE_PREFIX_PATH=${CMAKE_PREFIX_PATH}:/home/slavkososic/ros2_ws_actions/install/actions_py:/home/slavkososic/ros2_workspace/install/practice_1:/home/slavkososic/ros2_workspace/install/my_robot_controller:/home/slavkososic/ros2_workspace/install/mini_project:/opt/ros/humble /usr/bin/cmake --install /home/slavkososic/Desktop/MASTER_WORK/URDF/ros2_workspace/build/my_robot_description
[1.498s] Level 1:colcon.colcon_core.environment:create_environment_scripts_only(my_robot_description)
[1.502s] Level 1:colcon.colcon_core.environment:checking '/home/slavkososic/Desktop/MASTER_WORK/URDF/ros2_workspace/install/my_robot_description' for CMake module files
[1.503s] Level 1:colcon.colcon_core.environment:checking '/home/slavkososic/Desktop/MASTER_WORK/URDF/ros2_workspace/install/my_robot_description' for CMake config files
[1.503s] Level 1:colcon.colcon_core.shell:create_environment_hook('my_robot_description', 'cmake_prefix_path')
[1.504s] INFO:colcon.colcon_core.shell:Creating environment hook '/home/slavkososic/Desktop/MASTER_WORK/URDF/ros2_workspace/install/my_robot_description/share/my_robot_description/hook/cmake_prefix_path.ps1'
[1.505s] INFO:colcon.colcon_core.shell:Creating environment descriptor '/home/slavkososic/Desktop/MASTER_WORK/URDF/ros2_workspace/install/my_robot_description/share/my_robot_description/hook/cmake_prefix_path.dsv'
[1.506s] INFO:colcon.colcon_core.shell:Creating environment hook '/home/slavkososic/Desktop/MASTER_WORK/URDF/ros2_workspace/install/my_robot_description/share/my_robot_description/hook/cmake_prefix_path.sh'
[1.507s] Level 1:colcon.colcon_core.environment:checking '/home/slavkososic/Desktop/MASTER_WORK/URDF/ros2_workspace/install/my_robot_description/bin'
[1.507s] Level 1:colcon.colcon_core.environment:checking '/home/slavkososic/Desktop/MASTER_WORK/URDF/ros2_workspace/install/my_robot_description/lib/pkgconfig/my_robot_description.pc'
[1.508s] Level 1:colcon.colcon_core.environment:checking '/home/slavkososic/Desktop/MASTER_WORK/URDF/ros2_workspace/install/my_robot_description/lib/python3.10/site-packages'
[1.508s] Level 1:colcon.colcon_core.environment:checking '/home/slavkososic/Desktop/MASTER_WORK/URDF/ros2_workspace/install/my_robot_description/bin'
[1.509s] INFO:colcon.colcon_core.shell:Creating package script '/home/slavkososic/Desktop/MASTER_WORK/URDF/ros2_workspace/install/my_robot_description/share/my_robot_description/package.ps1'
[1.510s] INFO:colcon.colcon_core.shell:Creating package descriptor '/home/slavkososic/Desktop/MASTER_WORK/URDF/ros2_workspace/install/my_robot_description/share/my_robot_description/package.dsv'
[1.511s] INFO:colcon.colcon_core.shell:Creating package script '/home/slavkososic/Desktop/MASTER_WORK/URDF/ros2_workspace/install/my_robot_description/share/my_robot_description/package.sh'
[1.513s] INFO:colcon.colcon_core.shell:Creating package script '/home/slavkososic/Desktop/MASTER_WORK/URDF/ros2_workspace/install/my_robot_description/share/my_robot_description/package.bash'
[1.514s] INFO:colcon.colcon_core.shell:Creating package script '/home/slavkososic/Desktop/MASTER_WORK/URDF/ros2_workspace/install/my_robot_description/share/my_robot_description/package.zsh'
[1.516s] Level 1:colcon.colcon_core.environment:create_file_with_runtime_dependencies(/home/slavkososic/Desktop/MASTER_WORK/URDF/ros2_workspace/install/my_robot_description/share/colcon-core/packages/my_robot_description)
[1.528s] DEBUG:colcon.colcon_parallel_executor.executor.parallel:closing loop
[1.529s] DEBUG:colcon.colcon_parallel_executor.executor.parallel:loop closed
[1.529s] DEBUG:colcon.colcon_parallel_executor.executor.parallel:run_until_complete finished with '1'
[1.529s] DEBUG:colcon.colcon_core.event_reactor:joining thread
[1.539s] INFO:colcon.colcon_core.plugin_system:Skipping extension 'colcon_notification.desktop_notification.terminal_notifier': Not used on non-Darwin systems
[1.539s] INFO:colcon.colcon_core.plugin_system:Skipping extension 'colcon_notification.desktop_notification.win32': Not used on non-Windows systems
[1.539s] INFO:colcon.colcon_notification.desktop_notification:Sending desktop notification using 'notify2'
[1.564s] DEBUG:colcon.colcon_core.event_reactor:joined thread
[1.564s] INFO:colcon.colcon_core.shell:Creating prefix script '/home/slavkososic/Desktop/MASTER_WORK/URDF/ros2_workspace/install/local_setup.ps1'
[1.567s] INFO:colcon.colcon_core.shell:Creating prefix util module '/home/slavkososic/Desktop/MASTER_WORK/URDF/ros2_workspace/install/_local_setup_util_ps1.py'
[1.569s] INFO:colcon.colcon_core.shell:Creating prefix chain script '/home/slavkososic/Desktop/MASTER_WORK/URDF/ros2_workspace/install/setup.ps1'
[1.573s] INFO:colcon.colcon_core.shell:Creating prefix script '/home/slavkososic/Desktop/MASTER_WORK/URDF/ros2_workspace/install/local_setup.sh'
[1.574s] INFO:colcon.colcon_core.shell:Creating prefix util module '/home/slavkososic/Desktop/MASTER_WORK/URDF/ros2_workspace/install/_local_setup_util_sh.py'
[1.575s] INFO:colcon.colcon_core.shell:Creating prefix chain script '/home/slavkososic/Desktop/MASTER_WORK/URDF/ros2_workspace/install/setup.sh'
[1.578s] INFO:colcon.colcon_core.shell:Creating prefix script '/home/slavkososic/Desktop/MASTER_WORK/URDF/ros2_workspace/install/local_setup.bash'
[1.579s] INFO:colcon.colcon_core.shell:Creating prefix chain script '/home/slavkososic/Desktop/MASTER_WORK/URDF/ros2_workspace/install/setup.bash'
[1.582s] INFO:colcon.colcon_core.shell:Creating prefix script '/home/slavkososic/Desktop/MASTER_WORK/URDF/ros2_workspace/install/local_setup.zsh'
[1.583s] INFO:colcon.colcon_core.shell:Creating prefix chain script '/home/slavkososic/Desktop/MASTER_WORK/URDF/ros2_workspace/install/setup.zsh'
