[0.024s] Invoking command in '/home/slavkososic/Desktop/MASTER_WORK/URDF/ros2_workspace/build/my_robot_description': CMAKE_PREFIX_PATH=${CMAKE_PREFIX_PATH}:/home/slavkososic/ros2_ws_actions/install/actions_py:/home/slavkososic/ros2_workspace/install/practice_1:/home/slavkososic/ros2_workspace/install/my_robot_controller:/home/slavkososic/ros2_workspace/install/mini_project:/opt/ros/humble /usr/bin/cmake /home/slavkososic/Desktop/MASTER_WORK/URDF/ros2_workspace/src/my_robot_description -DAMENT_CMAKE_SYMLINK_INSTALL=1 -DCMAKE_INSTALL_PREFIX=/home/slavkososic/Desktop/MASTER_WORK/URDF/ros2_workspace/install/my_robot_description
[0.056s] -- Found ament_cmake: 1.3.8 (/opt/ros/humble/share/ament_cmake/cmake)
[0.322s] -- Override CMake install command with custom implementation using symlinks instead of copying resources
[0.485s] -- Configuring done
[0.491s] -- Generating done
[0.494s] -- Build files have been written to: /home/slavkososic/Desktop/MASTER_WORK/URDF/ros2_workspace/build/my_robot_description
[0.500s] Invoked command in '/home/slavkososic/Desktop/MASTER_WORK/URDF/ros2_workspace/build/my_robot_description' returned '0': CMAKE_PREFIX_PATH=${CMAKE_PREFIX_PATH}:/home/slavkososic/ros2_ws_actions/install/actions_py:/home/slavkososic/ros2_workspace/install/practice_1:/home/slavkososic/ros2_workspace/install/my_robot_controller:/home/slavkososic/ros2_workspace/install/mini_project:/opt/ros/humble /usr/bin/cmake /home/slavkososic/Desktop/MASTER_WORK/URDF/ros2_workspace/src/my_robot_description -DAMENT_CMAKE_SYMLINK_INSTALL=1 -DCMAKE_INSTALL_PREFIX=/home/slavkososic/Desktop/MASTER_WORK/URDF/ros2_workspace/install/my_robot_description
[0.504s] Invoking command in '/home/slavkososic/Desktop/MASTER_WORK/URDF/ros2_workspace/build/my_robot_description': CMAKE_PREFIX_PATH=${CMAKE_PREFIX_PATH}:/home/slavkososic/ros2_ws_actions/install/actions_py:/home/slavkososic/ros2_workspace/install/practice_1:/home/slavkososic/ros2_workspace/install/my_robot_controller:/home/slavkososic/ros2_workspace/install/mini_project:/opt/ros/humble /usr/bin/cmake --build /home/slavkososic/Desktop/MASTER_WORK/URDF/ros2_workspace/build/my_robot_description -- -j8 -l8
[0.593s] Invoked command in '/home/slavkososic/Desktop/MASTER_WORK/URDF/ros2_workspace/build/my_robot_description' returned '0': CMAKE_PREFIX_PATH=${CMAKE_PREFIX_PATH}:/home/slavkososic/ros2_ws_actions/install/actions_py:/home/slavkososic/ros2_workspace/install/practice_1:/home/slavkososic/ros2_workspace/install/my_robot_controller:/home/slavkososic/ros2_workspace/install/mini_project:/opt/ros/humble /usr/bin/cmake --build /home/slavkososic/Desktop/MASTER_WORK/URDF/ros2_workspace/build/my_robot_description -- -j8 -l8
[0.671s] Invoking command in '/home/slavkososic/Desktop/MASTER_WORK/URDF/ros2_workspace/build/my_robot_description': CMAKE_PREFIX_PATH=${CMAKE_PREFIX_PATH}:/home/slavkososic/ros2_ws_actions/install/actions_py:/home/slavkososic/ros2_workspace/install/practice_1:/home/slavkososic/ros2_workspace/install/my_robot_controller:/home/slavkososic/ros2_workspace/install/mini_project:/opt/ros/humble /usr/bin/cmake --install /home/slavkososic/Desktop/MASTER_WORK/URDF/ros2_workspace/build/my_robot_description
[0.688s] -- Install configuration: ""
[0.689s] -- Execute custom install script
[0.690s] -- Symlinking: /home/slavkososic/Desktop/MASTER_WORK/URDF/ros2_workspace/install/my_robot_description/share/my_robot_description//urdf/first_robot.urdf.xacro
[0.712s] -- Symlinking: /home/slavkososic/Desktop/MASTER_WORK/URDF/ros2_workspace/install/my_robot_description/share/my_robot_description//launch/display.launch.py
[0.735s] -- Symlinking: /home/slavkososic/Desktop/MASTER_WORK/URDF/ros2_workspace/install/my_robot_description/share/my_robot_description//launch/display.launch.xml
[0.757s] -- Symlinking: /home/slavkososic/Desktop/MASTER_WORK/URDF/ros2_workspace/install/my_robot_description/share/my_robot_description//rviz/conf.rviz
[0.778s] -- Symlinking: /home/slavkososic/Desktop/MASTER_WORK/URDF/ros2_workspace/install/my_robot_description/share/ament_index/resource_index/package_run_dependencies/my_robot_description
[0.798s] -- Symlinking: /home/slavkososic/Desktop/MASTER_WORK/URDF/ros2_workspace/install/my_robot_description/share/ament_index/resource_index/parent_prefix_path/my_robot_description
[0.820s] -- Symlinking: /home/slavkososic/Desktop/MASTER_WORK/URDF/ros2_workspace/install/my_robot_description/share/my_robot_description/environment/ament_prefix_path.sh
[0.842s] -- Symlinking: /home/slavkososic/Desktop/MASTER_WORK/URDF/ros2_workspace/install/my_robot_description/share/my_robot_description/environment/ament_prefix_path.dsv
[0.865s] -- Symlinking: /home/slavkososic/Desktop/MASTER_WORK/URDF/ros2_workspace/install/my_robot_description/share/my_robot_description/environment/path.sh
[0.887s] -- Symlinking: /home/slavkososic/Desktop/MASTER_WORK/URDF/ros2_workspace/install/my_robot_description/share/my_robot_description/environment/path.dsv
[0.910s] -- Symlinking: /home/slavkososic/Desktop/MASTER_WORK/URDF/ros2_workspace/install/my_robot_description/share/my_robot_description/local_setup.bash
[0.934s] -- Symlinking: /home/slavkososic/Desktop/MASTER_WORK/URDF/ros2_workspace/install/my_robot_description/share/my_robot_description/local_setup.sh
[0.957s] -- Symlinking: /home/slavkososic/Desktop/MASTER_WORK/URDF/ros2_workspace/install/my_robot_description/share/my_robot_description/local_setup.zsh
[0.978s] -- Symlinking: /home/slavkososic/Desktop/MASTER_WORK/URDF/ros2_workspace/install/my_robot_description/share/my_robot_description/local_setup.dsv
[1.000s] -- Symlinking: /home/slavkososic/Desktop/MASTER_WORK/URDF/ros2_workspace/install/my_robot_description/share/my_robot_description/package.dsv
[1.023s] -- Symlinking: /home/slavkososic/Desktop/MASTER_WORK/URDF/ros2_workspace/install/my_robot_description/share/ament_index/resource_index/packages/my_robot_description
[1.046s] -- Symlinking: /home/slavkososic/Desktop/MASTER_WORK/URDF/ros2_workspace/install/my_robot_description/share/my_robot_description/cmake/my_robot_descriptionConfig.cmake
[1.068s] -- Symlinking: /home/slavkososic/Desktop/MASTER_WORK/URDF/ros2_workspace/install/my_robot_description/share/my_robot_description/cmake/my_robot_descriptionConfig-version.cmake
[1.090s] -- Symlinking: /home/slavkososic/Desktop/MASTER_WORK/URDF/ros2_workspace/install/my_robot_description/share/my_robot_description/package.xml
[1.114s] Invoked command in '/home/slavkososic/Desktop/MASTER_WORK/URDF/ros2_workspace/build/my_robot_description' returned '0': CMAKE_PREFIX_PATH=${CMAKE_PREFIX_PATH}:/home/slavkososic/ros2_ws_actions/install/actions_py:/home/slavkososic/ros2_workspace/install/practice_1:/home/slavkososic/ros2_workspace/install/my_robot_controller:/home/slavkososic/ros2_workspace/install/mini_project:/opt/ros/humble /usr/bin/cmake --install /home/slavkososic/Desktop/MASTER_WORK/URDF/ros2_workspace/build/my_robot_description
